<?xml version="1.0" encoding="UTF-8"?>
<!-- Generated by org.testng.reporters.JUnitReportReporter -->
<testsuite skipped="0" hostname="LAPTOP-HKKE0GR4" name="createScreenshot.facebookScreenshot" tests="1" failures="0" timestamp="29 Aug 2018 14:52:53 GMT" time="19.956" errors="0">
  <testcase name="captureScreenshot" time="19.956" classname="createScreenshot.facebookScreenshot"/>
</testsuite> <!-- createScreenshot.facebookScreenshot -->
